2025-05-18 10:20:34,134 - INFO - Starting YouTubeScraper for 'machine Learning' with limit 25
2025-05-18 10:20:34,135 - INFO - Loaded configuration from config.json
2025-05-18 10:20:34,135 - INFO - YouTube API key loaded from config.json
2025-05-18 10:20:34,135 - INFO - Using thumbnail directory: thumbnails
2025-05-18 10:20:34,137 - INFO - file_cache is only supported with oauth2client<4.0.0
2025-05-18 10:20:34,140 - INFO - Searching YouTube for: machine Learning (limit: 25 videos)
2025-05-18 10:20:36,121 - INFO - Thumbnail saved to thumbnails\vdRp_w9f-qM.jpg
2025-05-18 10:20:36,886 - INFO - Thumbnail saved to thumbnails\ukzFI9rgwfU.jpg
2025-05-18 10:20:38,044 - INFO - Thumbnail saved to thumbnails\_3pgLrYWZfo.jpg
2025-05-18 10:20:39,048 - INFO - Thumbnail saved to thumbnails\qYNweeDHiyU.jpg
2025-05-18 10:20:40,243 - INFO - Thumbnail saved to thumbnails\9gGnTQTYNaE.jpg
2025-05-18 10:20:41,013 - INFO - Thumbnail saved to thumbnails\PeMlggyqz0Y.jpg
2025-05-18 10:20:42,129 - INFO - Thumbnail saved to thumbnails\GXxjd1za6jk.jpg
2025-05-18 10:20:42,867 - INFO - Thumbnail saved to thumbnails\i_LwzRVP7bg.jpg
2025-05-18 10:20:44,090 - INFO - Thumbnail saved to thumbnails\FbtYxPUrhq8.jpg
2025-05-18 10:20:45,041 - INFO - Thumbnail saved to thumbnails\5xp0taGM3Kg.jpg
2025-05-18 10:20:46,337 - INFO - Thumbnail saved to thumbnails\CxT5DVZmWCU.jpg
2025-05-18 10:20:47,881 - INFO - Thumbnail saved to thumbnails\7gEzEAIELgQ.jpg
2025-05-18 10:20:48,677 - INFO - Thumbnail saved to thumbnails\7IgVGSaQPaw.jpg
2025-05-18 10:20:49,618 - INFO - Thumbnail saved to thumbnails\VhfS-G6PDLE.jpg
2025-05-18 10:20:50,353 - INFO - Thumbnail saved to thumbnails\q6kJ71tEYqM.jpg
2025-05-18 10:20:50,861 - INFO - Thumbnail saved to thumbnails\-8qzzN7CWxA.jpg
2025-05-18 10:20:52,165 - INFO - Thumbnail saved to thumbnails\uz6vFX91dg8.jpg
2025-05-18 10:20:53,058 - INFO - Thumbnail saved to thumbnails\FZmR_m0KuC8.jpg
2025-05-18 10:20:54,316 - INFO - Thumbnail saved to thumbnails\h0e2HAPTGF4.jpg
2025-05-18 10:20:55,555 - INFO - Thumbnail saved to thumbnails\RF53NPPhBmE.jpg
2025-05-18 10:20:56,178 - INFO - Thumbnail saved to thumbnails\yN7ypxC7838.jpg
2025-05-18 10:20:57,523 - INFO - Thumbnail saved to thumbnails\4RixMPF4xis.jpg
2025-05-18 10:20:58,319 - INFO - Thumbnail saved to thumbnails\E0Hmnixke2g.jpg
2025-05-18 10:20:59,440 - INFO - Thumbnail saved to thumbnails\s8U0KSjNfRg.jpg
2025-05-18 10:21:00,207 - INFO - Thumbnail saved to thumbnails\5q87K1WaoFI.jpg
2025-05-18 10:21:00,208 - INFO - Successfully retrieved 25 videos
2025-05-18 10:21:51,753 - INFO - Starting InstagramScraper for 'puppy' with limit 25
2025-05-18 10:21:51,753 - INFO - Loaded configuration from config.json
2025-05-18 10:21:51,754 - INFO - Using Instagram username: sanjayks23_11
2025-05-18 10:21:51,754 - INFO - Using thumbnail directory: thumbnails
2025-05-18 10:21:52,160 - INFO - Using fixed screen dimensions: 1920x1080
2025-05-18 10:21:52,588 - INFO - Browser setup complete
2025-05-18 10:21:52,589 - INFO - Attempting to login to Instagram
2025-05-18 10:22:00,173 - INFO - Login credentials submitted
2025-05-18 10:22:07,036 - INFO - Successfully logged in
2025-05-18 10:22:07,036 - INFO - Searching for hashtag: puppy
2025-05-18 10:22:07,112 - INFO - Clicked on search icon
2025-05-18 10:22:09,147 - INFO - Entered search text: #puppy
2025-05-18 10:22:12,228 - INFO - Clicked on #puppy in search results
2025-05-18 10:22:27,248 - INFO - Successfully loaded posts using alternate selector for #puppy
2025-05-18 10:22:27,275 - INFO - Found 18 visible posts on the page
2025-05-18 10:22:27,472 - INFO - Clicked on post 1
2025-05-18 10:22:30,485 - INFO - Extracted post ID from URL: DHPcFaCy4cl
2025-05-18 10:22:30,559 - INFO - Found likes count: 67089
2025-05-18 10:22:32,151 - INFO - Thumbnail saved to thumbnails\DHPcFaCy4cl.jpg
2025-05-18 10:22:32,152 - INFO - Downloaded thumbnail for post DHPcFaCy4cl
2025-05-18 10:22:32,152 - INFO - Successfully scraped post 1/25
2025-05-18 10:22:32,280 - INFO - Clicked on post 2
2025-05-18 10:22:35,305 - INFO - Extracted post ID from URL: DI6MNJ5yszM
2025-05-18 10:22:35,363 - INFO - Found likes count: 5731
2025-05-18 10:22:36,667 - INFO - Thumbnail saved to thumbnails\DI6MNJ5yszM.jpg
2025-05-18 10:22:36,667 - INFO - Downloaded thumbnail for post DI6MNJ5yszM
2025-05-18 10:22:36,668 - INFO - Successfully scraped post 2/25
2025-05-18 10:22:36,765 - INFO - Clicked on post 3
2025-05-18 10:22:39,785 - INFO - Extracted post ID from URL: DJW5IGavZNd
2025-05-18 10:22:39,851 - INFO - Found likes count: 175583
2025-05-18 10:22:41,485 - INFO - Thumbnail saved to thumbnails\DJW5IGavZNd.jpg
2025-05-18 10:22:41,485 - INFO - Downloaded thumbnail for post DJW5IGavZNd
2025-05-18 10:22:41,486 - INFO - Successfully scraped post 3/25
2025-05-18 10:22:42,842 - INFO - Clicked on post 4
2025-05-18 10:22:45,874 - INFO - Extracted post ID from URL: DIZadJxzAUQ
2025-05-18 10:22:45,930 - INFO - Found likes count: 23523
2025-05-18 10:22:47,209 - INFO - Thumbnail saved to thumbnails\DIZadJxzAUQ.jpg
2025-05-18 10:22:47,210 - INFO - Downloaded thumbnail for post DIZadJxzAUQ
2025-05-18 10:22:47,210 - INFO - Successfully scraped post 4/25
2025-05-18 10:22:48,876 - INFO - Clicked on post 5
2025-05-18 10:22:51,900 - INFO - Extracted post ID from URL: DGdJnNoMM6y
2025-05-18 10:22:51,969 - INFO - Found likes count: 179034
2025-05-18 10:22:53,584 - INFO - Thumbnail saved to thumbnails\DGdJnNoMM6y.heic
2025-05-18 10:22:53,584 - INFO - Downloaded thumbnail for post DGdJnNoMM6y
2025-05-18 10:22:53,585 - INFO - Successfully scraped post 5/25
2025-05-18 10:22:54,873 - INFO - Clicked on post 6
2025-05-18 10:22:57,911 - INFO - Extracted post ID from URL: DGBJMuZBHo_
2025-05-18 10:22:58,003 - INFO - Found likes count: 52327
2025-05-18 10:22:59,268 - INFO - Thumbnail saved to thumbnails\DGBJMuZBHo_.webp
2025-05-18 10:22:59,268 - INFO - Downloaded thumbnail for post DGBJMuZBHo_
2025-05-18 10:22:59,269 - INFO - Successfully scraped post 6/25
2025-05-18 10:23:00,888 - INFO - Clicked on post 7
2025-05-18 10:23:03,920 - INFO - Extracted post ID from URL: DIzE5AKz5ky
2025-05-18 10:23:03,988 - INFO - Found likes count: 22744
2025-05-18 10:23:05,262 - INFO - Thumbnail saved to thumbnails\DIzE5AKz5ky.jpg
2025-05-18 10:23:05,263 - INFO - Downloaded thumbnail for post DIzE5AKz5ky
2025-05-18 10:23:05,263 - INFO - Successfully scraped post 7/25
2025-05-18 10:23:06,922 - INFO - Clicked on post 8
2025-05-18 10:23:09,943 - INFO - Extracted post ID from URL: DG4o8Z6TJsQ
2025-05-18 10:23:10,005 - INFO - Found likes count: 845
2025-05-18 10:23:11,612 - INFO - Thumbnail saved to thumbnails\DG4o8Z6TJsQ.jpg
2025-05-18 10:23:11,614 - INFO - Downloaded thumbnail for post DG4o8Z6TJsQ
2025-05-18 10:23:11,615 - INFO - Successfully scraped post 8/25
2025-05-18 10:23:12,943 - INFO - Clicked on post 9
2025-05-18 10:23:15,968 - INFO - Extracted post ID from URL: DG7LKbkP6Va
2025-05-18 10:23:16,034 - INFO - Found likes count: 12932
2025-05-18 10:23:17,282 - INFO - Thumbnail saved to thumbnails\DG7LKbkP6Va.jpg
2025-05-18 10:23:17,283 - INFO - Downloaded thumbnail for post DG7LKbkP6Va
2025-05-18 10:23:17,283 - INFO - Successfully scraped post 9/25
2025-05-18 10:23:18,946 - INFO - Clicked on post 10
2025-05-18 10:23:21,956 - INFO - Extracted post ID from URL: DGmS5JrTiRx
2025-05-18 10:23:22,021 - INFO - Found likes count: 66911
2025-05-18 10:23:23,669 - INFO - Thumbnail saved to thumbnails\DGmS5JrTiRx.jpg
2025-05-18 10:23:23,669 - INFO - Downloaded thumbnail for post DGmS5JrTiRx
2025-05-18 10:23:23,670 - INFO - Successfully scraped post 10/25
2025-05-18 10:23:24,971 - INFO - Clicked on post 11
2025-05-18 10:23:27,991 - INFO - Extracted post ID from URL: DGwQ0lqymLB
2025-05-18 10:23:28,058 - INFO - Found likes count: 62466
2025-05-18 10:23:29,375 - INFO - Thumbnail saved to thumbnails\DGwQ0lqymLB.jpg
2025-05-18 10:23:29,375 - INFO - Downloaded thumbnail for post DGwQ0lqymLB
2025-05-18 10:23:29,375 - INFO - Successfully scraped post 11/25
2025-05-18 10:23:30,967 - INFO - Clicked on post 12
2025-05-18 10:23:34,006 - INFO - Extracted post ID from URL: DGwEzjtS1qQ
2025-05-18 10:23:34,071 - INFO - Found likes count: 33278
2025-05-18 10:23:35,483 - INFO - Thumbnail saved to thumbnails\DGwEzjtS1qQ.jpg
2025-05-18 10:23:35,484 - INFO - Downloaded thumbnail for post DGwEzjtS1qQ
2025-05-18 10:23:35,485 - INFO - Successfully scraped post 12/25
2025-05-18 10:23:36,977 - INFO - Clicked on post 13
2025-05-18 10:23:39,992 - INFO - Extracted post ID from URL: DJTfe9lB_XQ
2025-05-18 10:23:40,058 - INFO - Found likes count: 1421
2025-05-18 10:23:41,454 - INFO - Thumbnail saved to thumbnails\DJTfe9lB_XQ.webp
2025-05-18 10:23:41,455 - INFO - Downloaded thumbnail for post DJTfe9lB_XQ
2025-05-18 10:23:41,455 - INFO - Successfully scraped post 13/25
2025-05-18 10:23:43,002 - INFO - Clicked on post 14
2025-05-18 10:23:46,027 - INFO - Extracted post ID from URL: DI9jZUUsEvm
2025-05-18 10:23:46,092 - INFO - Found likes count: 6779
2025-05-18 10:23:47,438 - INFO - Thumbnail saved to thumbnails\DI9jZUUsEvm.jpg
2025-05-18 10:23:47,439 - INFO - Downloaded thumbnail for post DI9jZUUsEvm
2025-05-18 10:23:47,439 - INFO - Successfully scraped post 14/25
2025-05-18 10:23:49,017 - INFO - Clicked on post 15
2025-05-18 10:23:52,053 - INFO - Extracted post ID from URL: DIjYoxWAc6B
2025-05-18 10:23:52,119 - INFO - Found likes count: 189659
2025-05-18 10:23:53,423 - INFO - Thumbnail saved to thumbnails\DIjYoxWAc6B.jpg
2025-05-18 10:23:53,423 - INFO - Downloaded thumbnail for post DIjYoxWAc6B
2025-05-18 10:23:53,425 - INFO - Successfully scraped post 15/25
2025-05-18 10:23:55,031 - INFO - Clicked on post 16
2025-05-18 10:23:58,054 - INFO - Extracted post ID from URL: DIMFne4oyf4
2025-05-18 10:23:58,112 - INFO - Found likes count: 13622
2025-05-18 10:23:59,392 - INFO - Thumbnail saved to thumbnails\DIMFne4oyf4.jpg
2025-05-18 10:23:59,392 - INFO - Downloaded thumbnail for post DIMFne4oyf4
2025-05-18 10:23:59,393 - INFO - Successfully scraped post 16/25
2025-05-18 10:24:01,057 - INFO - Clicked on post 17
2025-05-18 10:24:04,086 - INFO - Extracted post ID from URL: DHlbjudipsL
2025-05-18 10:24:04,153 - INFO - Found likes count: 16095
2025-05-18 10:24:05,448 - INFO - Thumbnail saved to thumbnails\DHlbjudipsL.webp
2025-05-18 10:24:05,449 - INFO - Downloaded thumbnail for post DHlbjudipsL
2025-05-18 10:24:05,449 - INFO - Successfully scraped post 17/25
2025-05-18 10:24:07,071 - INFO - Clicked on post 18
2025-05-18 10:24:10,083 - INFO - Extracted post ID from URL: DJZQb_0z1Br
2025-05-18 10:24:10,138 - INFO - Found likes count: 7812
2025-05-18 10:24:11,368 - INFO - Thumbnail saved to thumbnails\DJZQb_0z1Br.jpg
2025-05-18 10:24:11,369 - INFO - Downloaded thumbnail for post DJZQb_0z1Br
2025-05-18 10:24:11,369 - INFO - Successfully scraped post 18/25
2025-05-18 10:24:13,378 - INFO - Scrolled to new content, new height: 4855
2025-05-18 10:24:14,388 - INFO - Found 27 visible posts on the page
2025-05-18 10:24:16,148 - INFO - Clicked on post 19
2025-05-18 10:24:19,159 - INFO - Extracted post ID from URL: DIMFne4oyf4
2025-05-18 10:24:19,219 - INFO - Found likes count: 13622
2025-05-18 10:24:22,133 - INFO - Clicked on post 19
2025-05-18 10:24:25,148 - INFO - Extracted post ID from URL: DHlbjudipsL
2025-05-18 10:24:25,217 - INFO - Found likes count: 16095
2025-05-18 10:24:28,119 - INFO - Clicked on post 19
2025-05-18 10:24:31,158 - INFO - Extracted post ID from URL: DJZQb_0z1Br
2025-05-18 10:24:31,213 - INFO - Found likes count: 7812
2025-05-18 10:24:34,148 - INFO - Clicked on post 19
2025-05-18 10:24:37,156 - INFO - Extracted post ID from URL: DHksPAmzUh8
2025-05-18 10:24:37,221 - INFO - Found likes count: 1075
2025-05-18 10:24:38,984 - INFO - Thumbnail saved to thumbnails\DHksPAmzUh8.jpg
2025-05-18 10:24:38,984 - INFO - Downloaded thumbnail for post DHksPAmzUh8
2025-05-18 10:24:38,986 - INFO - Successfully scraped post 19/25
2025-05-18 10:24:40,157 - INFO - Clicked on post 20
2025-05-18 10:24:43,181 - INFO - Extracted post ID from URL: DJafNeczDSh
2025-05-18 10:24:43,250 - INFO - Found likes count: 187989
2025-05-18 10:24:44,550 - INFO - Thumbnail saved to thumbnails\DJafNeczDSh.jpg
2025-05-18 10:24:44,550 - INFO - Downloaded thumbnail for post DJafNeczDSh
2025-05-18 10:24:44,551 - INFO - Successfully scraped post 20/25
2025-05-18 10:24:46,204 - INFO - Clicked on post 21
2025-05-18 10:24:49,234 - INFO - Extracted post ID from URL: DGI2RF7z9s9
2025-05-18 10:24:49,301 - INFO - Found likes count: 4747
2025-05-18 10:24:50,641 - INFO - Thumbnail saved to thumbnails\DGI2RF7z9s9.jpg
2025-05-18 10:24:50,641 - INFO - Downloaded thumbnail for post DGI2RF7z9s9
2025-05-18 10:24:50,642 - INFO - Successfully scraped post 21/25
2025-05-18 10:24:52,185 - INFO - Clicked on post 22
2025-05-18 10:24:55,206 - INFO - Extracted post ID from URL: DH_lKi0SivZ
2025-05-18 10:24:55,278 - INFO - Found likes count: 7493
2025-05-18 10:24:56,535 - INFO - Thumbnail saved to thumbnails\DH_lKi0SivZ.jpg
2025-05-18 10:24:56,535 - INFO - Downloaded thumbnail for post DH_lKi0SivZ
2025-05-18 10:24:56,536 - INFO - Successfully scraped post 22/25
2025-05-18 10:24:58,540 - INFO - Scrolled to new content, new height: 7423
2025-05-18 10:24:59,565 - INFO - Found 30 visible posts on the page
2025-05-18 10:25:01,207 - INFO - Clicked on post 23
2025-05-18 10:25:04,236 - INFO - Extracted post ID from URL: DJZDqoUJBCn
2025-05-18 10:25:04,312 - INFO - Found likes count: 4150
2025-05-18 10:25:07,863 - INFO - Thumbnail saved to thumbnails\DJZDqoUJBCn.jpg
2025-05-18 10:25:07,863 - INFO - Downloaded thumbnail for post DJZDqoUJBCn
2025-05-18 10:25:07,864 - INFO - Successfully scraped post 23/25
2025-05-18 10:25:09,222 - INFO - Clicked on post 24
2025-05-18 10:25:12,246 - INFO - Extracted post ID from URL: DJC_OKdTTUe
2025-05-18 10:25:12,315 - INFO - Found likes count: 32094
2025-05-18 10:25:14,312 - INFO - Thumbnail saved to thumbnails\DJC_OKdTTUe.jpg
2025-05-18 10:25:14,312 - INFO - Downloaded thumbnail for post DJC_OKdTTUe
2025-05-18 10:25:14,313 - INFO - Successfully scraped post 24/25
2025-05-18 10:25:16,216 - INFO - Clicked on post 25
2025-05-18 10:25:19,249 - INFO - Extracted post ID from URL: DI5aOfTTfSX
2025-05-18 10:25:19,319 - INFO - Found likes count: 2959
2025-05-18 10:25:20,574 - INFO - Thumbnail saved to thumbnails\DI5aOfTTfSX.jpg
2025-05-18 10:25:20,574 - INFO - Downloaded thumbnail for post DI5aOfTTfSX
2025-05-18 10:25:20,575 - INFO - Successfully scraped post 25/25
2025-05-18 10:25:20,575 - INFO - Reached target of 25 posts
2025-05-18 10:25:20,575 - INFO - Completed scraping with 25 posts
2025-05-18 10:25:20,850 - INFO - Browser closed
2026-01-14 19:50:47,714 - INFO - Loaded configuration from config.json
